<?xml version="1.0" encoding="UTF-8"?>
<!-- Generated by org.testng.reporters.JUnitReportReporter -->
<testsuite hostname="DESKTOP-KOKMHA9" failures="0" tests="1" name="testpkg.Fossil_testclass" time="193.257" errors="0" timestamp="2024-04-05T12:28:28 GST" skipped="0">
  <testcase classname="testpkg.Fossil_testclass" name="verifySearchItem" time="193.257"/>
</testsuite> <!-- testpkg.Fossil_testclass -->
